Start testing: Aug 12 01:35 MSK
----------------------------------------------------------
1/21 Testing: BytesTest.FloatToInteger
1/21 Test: BytesTest.FloatToInteger
Command: "/home/oster/Mashroom/library/tests/build/bytes_test" "--gtest_filter=BytesTest.FloatToInteger" "--gtest_also_run_disabled_tests"
Directory: /home/oster/Mashroom/library/tests/build
"BytesTest.FloatToInteger" start time: Aug 12 01:35 MSK
Output:
----------------------------------------------------------
Note: Google Test filter = BytesTest.FloatToInteger
[==========] Running 1 test from 1 test suite.
[----------] Global test environment set-up.
[----------] 1 test from BytesTest
[ RUN      ] BytesTest.FloatToInteger
[       OK ] BytesTest.FloatToInteger (0 ms)
[----------] 1 test from BytesTest (0 ms total)

[----------] Global test environment tear-down
[==========] 1 test from 1 test suite ran. (0 ms total)
[  PASSED  ] 1 test.
<end of output>
Test time =   0.02 sec
----------------------------------------------------------
Test Passed.
"BytesTest.FloatToInteger" end time: Aug 12 01:35 MSK
"BytesTest.FloatToInteger" time elapsed: 00:00:00
----------------------------------------------------------

2/21 Testing: BytesTest.DoubleToLongInteger
2/21 Test: BytesTest.DoubleToLongInteger
Command: "/home/oster/Mashroom/library/tests/build/bytes_test" "--gtest_filter=BytesTest.DoubleToLongInteger" "--gtest_also_run_disabled_tests"
Directory: /home/oster/Mashroom/library/tests/build
"BytesTest.DoubleToLongInteger" start time: Aug 12 01:35 MSK
Output:
----------------------------------------------------------
Note: Google Test filter = BytesTest.DoubleToLongInteger
[==========] Running 1 test from 1 test suite.
[----------] Global test environment set-up.
[----------] 1 test from BytesTest
[ RUN      ] BytesTest.DoubleToLongInteger
[       OK ] BytesTest.DoubleToLongInteger (0 ms)
[----------] 1 test from BytesTest (0 ms total)

[----------] Global test environment tear-down
[==========] 1 test from 1 test suite ran. (0 ms total)
[  PASSED  ] 1 test.
<end of output>
Test time =   0.01 sec
----------------------------------------------------------
Test Passed.
"BytesTest.DoubleToLongInteger" end time: Aug 12 01:35 MSK
"BytesTest.DoubleToLongInteger" time elapsed: 00:00:00
----------------------------------------------------------

3/21 Testing: BytesTest.IntegerToFloat
3/21 Test: BytesTest.IntegerToFloat
Command: "/home/oster/Mashroom/library/tests/build/bytes_test" "--gtest_filter=BytesTest.IntegerToFloat" "--gtest_also_run_disabled_tests"
Directory: /home/oster/Mashroom/library/tests/build
"BytesTest.IntegerToFloat" start time: Aug 12 01:35 MSK
Output:
----------------------------------------------------------
Note: Google Test filter = BytesTest.IntegerToFloat
[==========] Running 1 test from 1 test suite.
[----------] Global test environment set-up.
[----------] 1 test from BytesTest
[ RUN      ] BytesTest.IntegerToFloat
[       OK ] BytesTest.IntegerToFloat (0 ms)
[----------] 1 test from BytesTest (0 ms total)

[----------] Global test environment tear-down
[==========] 1 test from 1 test suite ran. (0 ms total)
[  PASSED  ] 1 test.
<end of output>
Test time =   0.01 sec
----------------------------------------------------------
Test Passed.
"BytesTest.IntegerToFloat" end time: Aug 12 01:35 MSK
"BytesTest.IntegerToFloat" time elapsed: 00:00:00
----------------------------------------------------------

4/21 Testing: BytesTest.LongIntegerToDouble
4/21 Test: BytesTest.LongIntegerToDouble
Command: "/home/oster/Mashroom/library/tests/build/bytes_test" "--gtest_filter=BytesTest.LongIntegerToDouble" "--gtest_also_run_disabled_tests"
Directory: /home/oster/Mashroom/library/tests/build
"BytesTest.LongIntegerToDouble" start time: Aug 12 01:35 MSK
Output:
----------------------------------------------------------
Note: Google Test filter = BytesTest.LongIntegerToDouble
[==========] Running 1 test from 1 test suite.
[----------] Global test environment set-up.
[----------] 1 test from BytesTest
[ RUN      ] BytesTest.LongIntegerToDouble
[       OK ] BytesTest.LongIntegerToDouble (0 ms)
[----------] 1 test from BytesTest (0 ms total)

[----------] Global test environment tear-down
[==========] 1 test from 1 test suite ran. (0 ms total)
[  PASSED  ] 1 test.
<end of output>
Test time =   0.01 sec
----------------------------------------------------------
Test Passed.
"BytesTest.LongIntegerToDouble" end time: Aug 12 01:35 MSK
"BytesTest.LongIntegerToDouble" time elapsed: 00:00:00
----------------------------------------------------------

5/21 Testing: BytesTest.DetectLittleEndian
5/21 Test: BytesTest.DetectLittleEndian
Command: "/home/oster/Mashroom/library/tests/build/bytes_test" "--gtest_filter=BytesTest.DetectLittleEndian" "--gtest_also_run_disabled_tests"
Directory: /home/oster/Mashroom/library/tests/build
"BytesTest.DetectLittleEndian" start time: Aug 12 01:35 MSK
Output:
----------------------------------------------------------
Note: Google Test filter = BytesTest.DetectLittleEndian
[==========] Running 1 test from 1 test suite.
[----------] Global test environment set-up.
[----------] 1 test from BytesTest
[ RUN      ] BytesTest.DetectLittleEndian
[       OK ] BytesTest.DetectLittleEndian (0 ms)
[----------] 1 test from BytesTest (0 ms total)

[----------] Global test environment tear-down
[==========] 1 test from 1 test suite ran. (0 ms total)
[  PASSED  ] 1 test.
<end of output>
Test time =   0.01 sec
----------------------------------------------------------
Test Passed.
"BytesTest.DetectLittleEndian" end time: Aug 12 01:35 MSK
"BytesTest.DetectLittleEndian" time elapsed: 00:00:00
----------------------------------------------------------

6/21 Testing: Serialization.SerializeInt
6/21 Test: Serialization.SerializeInt
Command: "/home/oster/Mashroom/library/tests/build/serialization_test" "--gtest_filter=Serialization.SerializeInt" "--gtest_also_run_disabled_tests"
Directory: /home/oster/Mashroom/library/tests/build
"Serialization.SerializeInt" start time: Aug 12 01:35 MSK
Output:
----------------------------------------------------------
Note: Google Test filter = Serialization.SerializeInt
[==========] Running 1 test from 1 test suite.
[----------] Global test environment set-up.
[----------] 1 test from Serialization
[ RUN      ] Serialization.SerializeInt
[       OK ] Serialization.SerializeInt (0 ms)
[----------] 1 test from Serialization (0 ms total)

[----------] Global test environment tear-down
[==========] 1 test from 1 test suite ran. (0 ms total)
[  PASSED  ] 1 test.
<end of output>
Test time =   0.01 sec
----------------------------------------------------------
Test Passed.
"Serialization.SerializeInt" end time: Aug 12 01:35 MSK
"Serialization.SerializeInt" time elapsed: 00:00:00
----------------------------------------------------------

7/21 Testing: Serialization.SerializeFloatingPoint
7/21 Test: Serialization.SerializeFloatingPoint
Command: "/home/oster/Mashroom/library/tests/build/serialization_test" "--gtest_filter=Serialization.SerializeFloatingPoint" "--gtest_also_run_disabled_tests"
Directory: /home/oster/Mashroom/library/tests/build
"Serialization.SerializeFloatingPoint" start time: Aug 12 01:35 MSK
Output:
----------------------------------------------------------
Note: Google Test filter = Serialization.SerializeFloatingPoint
[==========] Running 1 test from 1 test suite.
[----------] Global test environment set-up.
[----------] 1 test from Serialization
[ RUN      ] Serialization.SerializeFloatingPoint
[       OK ] Serialization.SerializeFloatingPoint (0 ms)
[----------] 1 test from Serialization (0 ms total)

[----------] Global test environment tear-down
[==========] 1 test from 1 test suite ran. (0 ms total)
[  PASSED  ] 1 test.
<end of output>
Test time =   0.01 sec
----------------------------------------------------------
Test Passed.
"Serialization.SerializeFloatingPoint" end time: Aug 12 01:35 MSK
"Serialization.SerializeFloatingPoint" time elapsed: 00:00:00
----------------------------------------------------------

8/21 Testing: Serialization.SerializeTimePoint
8/21 Test: Serialization.SerializeTimePoint
Command: "/home/oster/Mashroom/library/tests/build/serialization_test" "--gtest_filter=Serialization.SerializeTimePoint" "--gtest_also_run_disabled_tests"
Directory: /home/oster/Mashroom/library/tests/build
"Serialization.SerializeTimePoint" start time: Aug 12 01:35 MSK
Output:
----------------------------------------------------------
Note: Google Test filter = Serialization.SerializeTimePoint
[==========] Running 1 test from 1 test suite.
[----------] Global test environment set-up.
[----------] 1 test from Serialization
[ RUN      ] Serialization.SerializeTimePoint
[       OK ] Serialization.SerializeTimePoint (0 ms)
[----------] 1 test from Serialization (0 ms total)

[----------] Global test environment tear-down
[==========] 1 test from 1 test suite ran. (0 ms total)
[  PASSED  ] 1 test.
<end of output>
Test time =   0.01 sec
----------------------------------------------------------
Test Passed.
"Serialization.SerializeTimePoint" end time: Aug 12 01:35 MSK
"Serialization.SerializeTimePoint" time elapsed: 00:00:00
----------------------------------------------------------

9/21 Testing: Serialization.SerializeDuration
9/21 Test: Serialization.SerializeDuration
Command: "/home/oster/Mashroom/library/tests/build/serialization_test" "--gtest_filter=Serialization.SerializeDuration" "--gtest_also_run_disabled_tests"
Directory: /home/oster/Mashroom/library/tests/build
"Serialization.SerializeDuration" start time: Aug 12 01:35 MSK
Output:
----------------------------------------------------------
Note: Google Test filter = Serialization.SerializeDuration
[==========] Running 1 test from 1 test suite.
[----------] Global test environment set-up.
[----------] 1 test from Serialization
[ RUN      ] Serialization.SerializeDuration
[       OK ] Serialization.SerializeDuration (0 ms)
[----------] 1 test from Serialization (0 ms total)

[----------] Global test environment tear-down
[==========] 1 test from 1 test suite ran. (0 ms total)
[  PASSED  ] 1 test.
<end of output>
Test time =   0.01 sec
----------------------------------------------------------
Test Passed.
"Serialization.SerializeDuration" end time: Aug 12 01:35 MSK
"Serialization.SerializeDuration" time elapsed: 00:00:00
----------------------------------------------------------

10/21 Testing: Serialization.SerializeUniquePtr
10/21 Test: Serialization.SerializeUniquePtr
Command: "/home/oster/Mashroom/library/tests/build/serialization_test" "--gtest_filter=Serialization.SerializeUniquePtr" "--gtest_also_run_disabled_tests"
Directory: /home/oster/Mashroom/library/tests/build
"Serialization.SerializeUniquePtr" start time: Aug 12 01:35 MSK
Output:
----------------------------------------------------------
Note: Google Test filter = Serialization.SerializeUniquePtr
[==========] Running 1 test from 1 test suite.
[----------] Global test environment set-up.
[----------] 1 test from Serialization
[ RUN      ] Serialization.SerializeUniquePtr
[       OK ] Serialization.SerializeUniquePtr (0 ms)
[----------] 1 test from Serialization (0 ms total)

[----------] Global test environment tear-down
[==========] 1 test from 1 test suite ran. (0 ms total)
[  PASSED  ] 1 test.
<end of output>
Test time =   0.01 sec
----------------------------------------------------------
Test Passed.
"Serialization.SerializeUniquePtr" end time: Aug 12 01:35 MSK
"Serialization.SerializeUniquePtr" time elapsed: 00:00:00
----------------------------------------------------------

11/21 Testing: Serialization.SerializeSharedPtr
11/21 Test: Serialization.SerializeSharedPtr
Command: "/home/oster/Mashroom/library/tests/build/serialization_test" "--gtest_filter=Serialization.SerializeSharedPtr" "--gtest_also_run_disabled_tests"
Directory: /home/oster/Mashroom/library/tests/build
"Serialization.SerializeSharedPtr" start time: Aug 12 01:35 MSK
Output:
----------------------------------------------------------
Note: Google Test filter = Serialization.SerializeSharedPtr
[==========] Running 1 test from 1 test suite.
[----------] Global test environment set-up.
[----------] 1 test from Serialization
[ RUN      ] Serialization.SerializeSharedPtr
[       OK ] Serialization.SerializeSharedPtr (0 ms)
[----------] 1 test from Serialization (0 ms total)

[----------] Global test environment tear-down
[==========] 1 test from 1 test suite ran. (0 ms total)
[  PASSED  ] 1 test.
<end of output>
Test time =   0.01 sec
----------------------------------------------------------
Test Passed.
"Serialization.SerializeSharedPtr" end time: Aug 12 01:35 MSK
"Serialization.SerializeSharedPtr" time elapsed: 00:00:00
----------------------------------------------------------

12/21 Testing: Serialization.SerializePair
12/21 Test: Serialization.SerializePair
Command: "/home/oster/Mashroom/library/tests/build/serialization_test" "--gtest_filter=Serialization.SerializePair" "--gtest_also_run_disabled_tests"
Directory: /home/oster/Mashroom/library/tests/build
"Serialization.SerializePair" start time: Aug 12 01:35 MSK
Output:
----------------------------------------------------------
Note: Google Test filter = Serialization.SerializePair
[==========] Running 1 test from 1 test suite.
[----------] Global test environment set-up.
[----------] 1 test from Serialization
[ RUN      ] Serialization.SerializePair
[       OK ] Serialization.SerializePair (0 ms)
[----------] 1 test from Serialization (0 ms total)

[----------] Global test environment tear-down
[==========] 1 test from 1 test suite ran. (0 ms total)
[  PASSED  ] 1 test.
<end of output>
Test time =   0.01 sec
----------------------------------------------------------
Test Passed.
"Serialization.SerializePair" end time: Aug 12 01:35 MSK
"Serialization.SerializePair" time elapsed: 00:00:00
----------------------------------------------------------

13/21 Testing: Serialization.SerializeOptional
13/21 Test: Serialization.SerializeOptional
Command: "/home/oster/Mashroom/library/tests/build/serialization_test" "--gtest_filter=Serialization.SerializeOptional" "--gtest_also_run_disabled_tests"
Directory: /home/oster/Mashroom/library/tests/build
"Serialization.SerializeOptional" start time: Aug 12 01:35 MSK
Output:
----------------------------------------------------------
Note: Google Test filter = Serialization.SerializeOptional
[==========] Running 1 test from 1 test suite.
[----------] Global test environment set-up.
[----------] 1 test from Serialization
[ RUN      ] Serialization.SerializeOptional
[       OK ] Serialization.SerializeOptional (0 ms)
[----------] 1 test from Serialization (0 ms total)

[----------] Global test environment tear-down
[==========] 1 test from 1 test suite ran. (0 ms total)
[  PASSED  ] 1 test.
<end of output>
Test time =   0.01 sec
----------------------------------------------------------
Test Passed.
"Serialization.SerializeOptional" end time: Aug 12 01:35 MSK
"Serialization.SerializeOptional" time elapsed: 00:00:00
----------------------------------------------------------

14/21 Testing: Serialization.SerializeList
14/21 Test: Serialization.SerializeList
Command: "/home/oster/Mashroom/library/tests/build/serialization_test" "--gtest_filter=Serialization.SerializeList" "--gtest_also_run_disabled_tests"
Directory: /home/oster/Mashroom/library/tests/build
"Serialization.SerializeList" start time: Aug 12 01:35 MSK
Output:
----------------------------------------------------------
Note: Google Test filter = Serialization.SerializeList
[==========] Running 1 test from 1 test suite.
[----------] Global test environment set-up.
[----------] 1 test from Serialization
[ RUN      ] Serialization.SerializeList
[       OK ] Serialization.SerializeList (0 ms)
[----------] 1 test from Serialization (0 ms total)

[----------] Global test environment tear-down
[==========] 1 test from 1 test suite ran. (0 ms total)
[  PASSED  ] 1 test.
<end of output>
Test time =   0.01 sec
----------------------------------------------------------
Test Passed.
"Serialization.SerializeList" end time: Aug 12 01:35 MSK
"Serialization.SerializeList" time elapsed: 00:00:00
----------------------------------------------------------

15/21 Testing: Serialization.SerializeVector
15/21 Test: Serialization.SerializeVector
Command: "/home/oster/Mashroom/library/tests/build/serialization_test" "--gtest_filter=Serialization.SerializeVector" "--gtest_also_run_disabled_tests"
Directory: /home/oster/Mashroom/library/tests/build
"Serialization.SerializeVector" start time: Aug 12 01:35 MSK
Output:
----------------------------------------------------------
Note: Google Test filter = Serialization.SerializeVector
[==========] Running 1 test from 1 test suite.
[----------] Global test environment set-up.
[----------] 1 test from Serialization
[ RUN      ] Serialization.SerializeVector
[       OK ] Serialization.SerializeVector (0 ms)
[----------] 1 test from Serialization (0 ms total)

[----------] Global test environment tear-down
[==========] 1 test from 1 test suite ran. (0 ms total)
[  PASSED  ] 1 test.
<end of output>
Test time =   0.01 sec
----------------------------------------------------------
Test Passed.
"Serialization.SerializeVector" end time: Aug 12 01:35 MSK
"Serialization.SerializeVector" time elapsed: 00:00:00
----------------------------------------------------------

16/21 Testing: Serialization.SerializeDeque
16/21 Test: Serialization.SerializeDeque
Command: "/home/oster/Mashroom/library/tests/build/serialization_test" "--gtest_filter=Serialization.SerializeDeque" "--gtest_also_run_disabled_tests"
Directory: /home/oster/Mashroom/library/tests/build
"Serialization.SerializeDeque" start time: Aug 12 01:35 MSK
Output:
----------------------------------------------------------
Note: Google Test filter = Serialization.SerializeDeque
[==========] Running 1 test from 1 test suite.
[----------] Global test environment set-up.
[----------] 1 test from Serialization
[ RUN      ] Serialization.SerializeDeque
[       OK ] Serialization.SerializeDeque (0 ms)
[----------] 1 test from Serialization (0 ms total)

[----------] Global test environment tear-down
[==========] 1 test from 1 test suite ran. (0 ms total)
[  PASSED  ] 1 test.
<end of output>
Test time =   0.01 sec
----------------------------------------------------------
Test Passed.
"Serialization.SerializeDeque" end time: Aug 12 01:35 MSK
"Serialization.SerializeDeque" time elapsed: 00:00:00
----------------------------------------------------------

17/21 Testing: Serialization.SerializeSet
17/21 Test: Serialization.SerializeSet
Command: "/home/oster/Mashroom/library/tests/build/serialization_test" "--gtest_filter=Serialization.SerializeSet" "--gtest_also_run_disabled_tests"
Directory: /home/oster/Mashroom/library/tests/build
"Serialization.SerializeSet" start time: Aug 12 01:35 MSK
Output:
----------------------------------------------------------
Note: Google Test filter = Serialization.SerializeSet
[==========] Running 1 test from 1 test suite.
[----------] Global test environment set-up.
[----------] 1 test from Serialization
[ RUN      ] Serialization.SerializeSet
[       OK ] Serialization.SerializeSet (0 ms)
[----------] 1 test from Serialization (0 ms total)

[----------] Global test environment tear-down
[==========] 1 test from 1 test suite ran. (0 ms total)
[  PASSED  ] 1 test.
<end of output>
Test time =   0.01 sec
----------------------------------------------------------
Test Passed.
"Serialization.SerializeSet" end time: Aug 12 01:35 MSK
"Serialization.SerializeSet" time elapsed: 00:00:00
----------------------------------------------------------

18/21 Testing: Serialization.SerializeUnorderedSet
18/21 Test: Serialization.SerializeUnorderedSet
Command: "/home/oster/Mashroom/library/tests/build/serialization_test" "--gtest_filter=Serialization.SerializeUnorderedSet" "--gtest_also_run_disabled_tests"
Directory: /home/oster/Mashroom/library/tests/build
"Serialization.SerializeUnorderedSet" start time: Aug 12 01:35 MSK
Output:
----------------------------------------------------------
Note: Google Test filter = Serialization.SerializeUnorderedSet
[==========] Running 1 test from 1 test suite.
[----------] Global test environment set-up.
[----------] 1 test from Serialization
[ RUN      ] Serialization.SerializeUnorderedSet
[       OK ] Serialization.SerializeUnorderedSet (0 ms)
[----------] 1 test from Serialization (0 ms total)

[----------] Global test environment tear-down
[==========] 1 test from 1 test suite ran. (0 ms total)
[  PASSED  ] 1 test.
<end of output>
Test time =   0.01 sec
----------------------------------------------------------
Test Passed.
"Serialization.SerializeUnorderedSet" end time: Aug 12 01:35 MSK
"Serialization.SerializeUnorderedSet" time elapsed: 00:00:00
----------------------------------------------------------

19/21 Testing: Serialization.SerializeMap
19/21 Test: Serialization.SerializeMap
Command: "/home/oster/Mashroom/library/tests/build/serialization_test" "--gtest_filter=Serialization.SerializeMap" "--gtest_also_run_disabled_tests"
Directory: /home/oster/Mashroom/library/tests/build
"Serialization.SerializeMap" start time: Aug 12 01:35 MSK
Output:
----------------------------------------------------------
Note: Google Test filter = Serialization.SerializeMap
[==========] Running 1 test from 1 test suite.
[----------] Global test environment set-up.
[----------] 1 test from Serialization
[ RUN      ] Serialization.SerializeMap
[       OK ] Serialization.SerializeMap (0 ms)
[----------] 1 test from Serialization (0 ms total)

[----------] Global test environment tear-down
[==========] 1 test from 1 test suite ran. (0 ms total)
[  PASSED  ] 1 test.
<end of output>
Test time =   0.01 sec
----------------------------------------------------------
Test Passed.
"Serialization.SerializeMap" end time: Aug 12 01:35 MSK
"Serialization.SerializeMap" time elapsed: 00:00:00
----------------------------------------------------------

20/21 Testing: Serialization.SerializeUMap
20/21 Test: Serialization.SerializeUMap
Command: "/home/oster/Mashroom/library/tests/build/serialization_test" "--gtest_filter=Serialization.SerializeUMap" "--gtest_also_run_disabled_tests"
Directory: /home/oster/Mashroom/library/tests/build
"Serialization.SerializeUMap" start time: Aug 12 01:35 MSK
Output:
----------------------------------------------------------
Note: Google Test filter = Serialization.SerializeUMap
[==========] Running 1 test from 1 test suite.
[----------] Global test environment set-up.
[----------] 1 test from Serialization
[ RUN      ] Serialization.SerializeUMap
[       OK ] Serialization.SerializeUMap (0 ms)
[----------] 1 test from Serialization (0 ms total)

[----------] Global test environment tear-down
[==========] 1 test from 1 test suite ran. (0 ms total)
[  PASSED  ] 1 test.
<end of output>
Test time =   0.01 sec
----------------------------------------------------------
Test Passed.
"Serialization.SerializeUMap" end time: Aug 12 01:35 MSK
"Serialization.SerializeUMap" time elapsed: 00:00:00
----------------------------------------------------------

21/21 Testing: Serialization.SerialLimits
21/21 Test: Serialization.SerialLimits
Command: "/home/oster/Mashroom/library/tests/build/serialization_test" "--gtest_filter=Serialization.SerialLimits" "--gtest_also_run_disabled_tests"
Directory: /home/oster/Mashroom/library/tests/build
"Serialization.SerialLimits" start time: Aug 12 01:35 MSK
Output:
----------------------------------------------------------
Note: Google Test filter = Serialization.SerialLimits
[==========] Running 1 test from 1 test suite.
[----------] Global test environment set-up.
[----------] 1 test from Serialization
[ RUN      ] Serialization.SerialLimits
[       OK ] Serialization.SerialLimits (0 ms)
[----------] 1 test from Serialization (0 ms total)

[----------] Global test environment tear-down
[==========] 1 test from 1 test suite ran. (0 ms total)
[  PASSED  ] 1 test.
<end of output>
Test time =   0.01 sec
----------------------------------------------------------
Test Passed.
"Serialization.SerialLimits" end time: Aug 12 01:35 MSK
"Serialization.SerialLimits" time elapsed: 00:00:00
----------------------------------------------------------

End testing: Aug 12 01:35 MSK
